# JRE version: OpenJDK Runtime Environment Temurin-21.0.8+9 (21.0.8+9) (build 21.0.8+9-LTS)
# Java VM: OpenJDK 64-Bit Server VM Temurin-21.0.8+9 (21.0.8+9-LTS, mixed mode, sharing, tiered, compressed oops, compressed class ptrs, parallel gc, windows-amd64)
GC Precious Log:
 CardTable entry size: 512
 CPUs: 12 total, 12 available
 Memory: 16159M
 Large Page Support: Disabled
 NUMA Support: Disabled
 Compressed Oops: Enabled (32-bit)
 Alignments: Space 512K, Generation 512K, Heap 2M
 Heap Min Capacity: 100M
 Heap Initial Capacity: 100M
 Heap Max Capacity: 2G
 Pre-touch: Disabled
 Parallel Workers: 10
Heap:
 PSYoungGen      total 11776K, used 6752K [0x00000000d5580000, 0x00000000d6e00000, 0x0000000100000000)
  eden space 10240K, 50% used [0x00000000d5580000,0x00000000d5a98a78,0x00000000d5f80000)
  from space 1536K, 99% used [0x00000000d6600000,0x00000000d677f6e8,0x00000000d6780000)
  to   space 6656K, 0% used [0x00000000d5f80000,0x00000000d5f80000,0x00000000d6600000)
 ParOldGen       total 148992K, used 148572K [0x0000000080000000, 0x0000000089180000, 0x00000000d5580000)
  object space 148992K, 99% used [0x0000000080000000,0x00000000891170a0,0x0000000089180000)
 Metaspace       used 73238K, committed 74880K, reserved 1179648K
  class space    used 7823K, committed 8512K, reserved 1048576K
GC Heap History (20 events):
Event: 19.816 GC heap before
{Heap before GC invocations=51 (full 3):
 PSYoungGen      total 18432K, used 18243K [0x00000000d5580000, 0x00000000d6f00000, 0x0000000100000000)
  eden space 11776K, 99% used [0x00000000d5580000,0x00000000d60f4c68,0x00000000d6100000)
  from space 6656K, 97% used [0x00000000d6380000,0x00000000d69dc010,0x00000000d6a00000)
  to   space 5120K, 0% used [0x00000000d6a00000,0x00000000d6a00000,0x00000000d6f00000)
 ParOldGen       total 123904K, used 123714K [0x0000000080000000, 0x0000000087900000, 0x00000000d5580000)
  object space 123904K, 99% used [0x0000000080000000,0x00000000878d0ba8,0x0000000087900000)
 Metaspace       used 66470K, committed 67968K, reserved 1114112K
  class space    used 6993K, committed 7680K, reserved 1048576K
}
Event: 19.821 GC heap after
{Heap after GC invocations=51 (full 3):
 PSYoungGen      total 16384K, used 4130K [0x00000000d5580000, 0x00000000d6e80000, 0x0000000100000000)
  eden space 11776K, 0% used [0x00000000d5580000,0x00000000d5580000,0x00000000d6100000)
  from space 4608K, 89% used [0x00000000d6a00000,0x00000000d6e088d8,0x00000000d6e80000)
  to   space 5120K, 0% used [0x00000000d6480000,0x00000000d6480000,0x00000000d6980000)
 ParOldGen       total 130048K, used 129810K [0x0000000080000000, 0x0000000087f00000, 0x00000000d5580000)
  object space 130048K, 99% used [0x0000000080000000,0x0000000087ec4ba8,0x0000000087f00000)
 Metaspace       used 66470K, committed 67968K, reserved 1114112K
  class space    used 6993K, committed 7680K, reserved 1048576K
}
Event: 19.903 GC heap before
{Heap before GC invocations=52 (full 3):
 PSYoungGen      total 16384K, used 15906K [0x00000000d5580000, 0x00000000d6e80000, 0x0000000100000000)
  eden space 11776K, 100% used [0x00000000d5580000,0x00000000d6100000,0x00000000d6100000)
  from space 4608K, 89% used [0x00000000d6a00000,0x00000000d6e088d8,0x00000000d6e80000)
  to   space 5120K, 0% used [0x00000000d6480000,0x00000000d6480000,0x00000000d6980000)
 ParOldGen       total 130048K, used 129823K [0x0000000080000000, 0x0000000087f00000, 0x00000000d5580000)
  object space 130048K, 99% used [0x0000000080000000,0x0000000087ec7d48,0x0000000087f00000)
 Metaspace       used 67789K, committed 69312K, reserved 1114112K
  class space    used 7137K, committed 7808K, reserved 1048576K
}
Event: 19.907 GC heap after
{Heap after GC invocations=52 (full 3):
 PSYoungGen      total 12800K, used 976K [0x00000000d5580000, 0x00000000d6a80000, 0x0000000100000000)
  eden space 11776K, 0% used [0x00000000d5580000,0x00000000d5580000,0x00000000d6100000)
  from space 1024K, 95% used [0x00000000d6480000,0x00000000d6574010,0x00000000d6580000)
  to   space 2560K, 0% used [0x00000000d6800000,0x00000000d6800000,0x00000000d6a80000)
 ParOldGen       total 133120K, used 133086K [0x0000000080000000, 0x0000000088200000, 0x00000000d5580000)
  object space 133120K, 99% used [0x0000000080000000,0x00000000881f7928,0x0000000088200000)
 Metaspace       used 67789K, committed 69312K, reserved 1114112K
  class space    used 7137K, committed 7808K, reserved 1048576K
}
Event: 19.961 GC heap before
{Heap before GC invocations=53 (full 3):
 PSYoungGen      total 12800K, used 12752K [0x00000000d5580000, 0x00000000d6a80000, 0x0000000100000000)
  eden space 11776K, 100% used [0x00000000d5580000,0x00000000d6100000,0x00000000d6100000)
  from space 1024K, 95% used [0x00000000d6480000,0x00000000d6574010,0x00000000d6580000)
  to   space 2560K, 0% used [0x00000000d6800000,0x00000000d6800000,0x00000000d6a80000)
 ParOldGen       total 133120K, used 133096K [0x0000000080000000, 0x0000000088200000, 0x00000000d5580000)
  object space 133120K, 99% used [0x0000000080000000,0x00000000881fa3a0,0x0000000088200000)
 Metaspace       used 69087K, committed 70528K, reserved 1114112K
  class space    used 7333K, committed 7936K, reserved 1048576K
}
Event: 19.962 GC heap after
{Heap after GC invocations=53 (full 3):
 PSYoungGen      total 12288K, used 320K [0x00000000d5580000, 0x00000000d6880000, 0x0000000100000000)
  eden space 11776K, 0% used [0x00000000d5580000,0x00000000d5580000,0x00000000d6100000)
  from space 512K, 62% used [0x00000000d6800000,0x00000000d6850000,0x00000000d6880000)
  to   space 1024K, 0% used [0x00000000d6680000,0x00000000d6680000,0x00000000d6780000)
 ParOldGen       total 134144K, used 133989K [0x0000000080000000, 0x0000000088300000, 0x00000000d5580000)
  object space 134144K, 99% used [0x0000000080000000,0x00000000882d9798,0x0000000088300000)
 Metaspace       used 69087K, committed 70528K, reserved 1114112K
  class space    used 7333K, committed 7936K, reserved 1048576K
}
Event: 20.009 GC heap before
{Heap before GC invocations=54 (full 3):
 PSYoungGen      total 12288K, used 12096K [0x00000000d5580000, 0x00000000d6880000, 0x0000000100000000)
  eden space 11776K, 100% used [0x00000000d5580000,0x00000000d6100000,0x00000000d6100000)
  from space 512K, 62% used [0x00000000d6800000,0x00000000d6850000,0x00000000d6880000)
  to   space 1024K, 0% used [0x00000000d6680000,0x00000000d6680000,0x00000000d6780000)
 ParOldGen       total 134144K, used 133992K [0x0000000080000000, 0x0000000088300000, 0x00000000d5580000)
  object space 134144K, 99% used [0x0000000080000000,0x00000000882da278,0x0000000088300000)
 Metaspace       used 69813K, committed 71296K, reserved 1114112K
  class space    used 7436K, committed 8064K, reserved 1048576K
}
Event: 20.012 GC heap after
{Heap after GC invocations=54 (full 3):
 PSYoungGen      total 12800K, used 1019K [0x00000000d5580000, 0x00000000d6c00000, 0x0000000100000000)
  eden space 11776K, 0% used [0x00000000d5580000,0x00000000d5580000,0x00000000d6100000)
  from space 1024K, 99% used [0x00000000d6680000,0x00000000d677ef10,0x00000000d6780000)
  to   space 4608K, 0% used [0x00000000d6780000,0x00000000d6780000,0x00000000d6c00000)
 ParOldGen       total 137728K, used 137594K [0x0000000080000000, 0x0000000088680000, 0x00000000d5580000)
  object space 137728K, 99% used [0x0000000080000000,0x000000008865eb78,0x0000000088680000)
 Metaspace       used 69813K, committed 71296K, reserved 1114112K
  class space    used 7436K, committed 8064K, reserved 1048576K
}
Event: 20.078 GC heap before
{Heap before GC invocations=55 (full 3):
 PSYoungGen      total 12800K, used 12795K [0x00000000d5580000, 0x00000000d6c00000, 0x0000000100000000)
  eden space 11776K, 100% used [0x00000000d5580000,0x00000000d6100000,0x00000000d6100000)
  from space 1024K, 99% used [0x00000000d6680000,0x00000000d677ef10,0x00000000d6780000)
  to   space 4608K, 0% used [0x00000000d6780000,0x00000000d6780000,0x00000000d6c00000)
 ParOldGen       total 137728K, used 137594K [0x0000000080000000, 0x0000000088680000, 0x00000000d5580000)
  object space 137728K, 99% used [0x0000000080000000,0x000000008865eb78,0x0000000088680000)
 Metaspace       used 70888K, committed 72512K, reserved 1114112K
  class space    used 7592K, committed 8256K, reserved 1048576K
}
Event: 20.079 GC heap after
{Heap after GC invocations=55 (full 3):
 PSYoungGen      total 13312K, used 1195K [0x00000000d5580000, 0x00000000d6900000, 0x0000000100000000)
  eden space 11776K, 0% used [0x00000000d5580000,0x00000000d5580000,0x00000000d6100000)
  from space 1536K, 77% used [0x00000000d6780000,0x00000000d68aaf88,0x00000000d6900000)
  to   space 2560K, 0% used [0x00000000d6400000,0x00000000d6400000,0x00000000d6680000)
 ParOldGen       total 138752K, used 138502K [0x0000000080000000, 0x0000000088780000, 0x00000000d5580000)
  object space 138752K, 99% used [0x0000000080000000,0x0000000088741a88,0x0000000088780000)
 Metaspace       used 70888K, committed 72512K, reserved 1114112K
  class space    used 7592K, committed 8256K, reserved 1048576K
}
Event: 20.126 GC heap before
{Heap before GC invocations=56 (full 3):
 PSYoungGen      total 13312K, used 12971K [0x00000000d5580000, 0x00000000d6900000, 0x0000000100000000)
  eden space 11776K, 100% used [0x00000000d5580000,0x00000000d6100000,0x00000000d6100000)
  from space 1536K, 77% used [0x00000000d6780000,0x00000000d68aaf88,0x00000000d6900000)
  to   space 2560K, 0% used [0x00000000d6400000,0x00000000d6400000,0x00000000d6680000)
 ParOldGen       total 138752K, used 138502K [0x0000000080000000, 0x0000000088780000, 0x00000000d5580000)
  object space 138752K, 99% used [0x0000000080000000,0x0000000088741a88,0x0000000088780000)
 Metaspace       used 71548K, committed 73152K, reserved 1114112K
  class space    used 7666K, committed 8320K, reserved 1048576K
}
Event: 20.128 GC heap after
{Heap after GC invocations=56 (full 3):
 PSYoungGen      total 13824K, used 1872K [0x00000000d5580000, 0x00000000d6800000, 0x0000000100000000)
  eden space 11776K, 0% used [0x00000000d5580000,0x00000000d5580000,0x00000000d6100000)
  from space 2048K, 91% used [0x00000000d6400000,0x00000000d65d4370,0x00000000d6600000)
  to   space 2048K, 0% used [0x00000000d6600000,0x00000000d6600000,0x00000000d6800000)
 ParOldGen       total 139264K, used 138934K [0x0000000080000000, 0x0000000088800000, 0x00000000d5580000)
  object space 139264K, 99% used [0x0000000080000000,0x00000000887ada98,0x0000000088800000)
 Metaspace       used 71548K, committed 73152K, reserved 1114112K
  class space    used 7666K, committed 8320K, reserved 1048576K
}
Event: 20.210 GC heap before
{Heap before GC invocations=57 (full 3):
 PSYoungGen      total 13824K, used 13648K [0x00000000d5580000, 0x00000000d6800000, 0x0000000100000000)
  eden space 11776K, 100% used [0x00000000d5580000,0x00000000d6100000,0x00000000d6100000)
  from space 2048K, 91% used [0x00000000d6400000,0x00000000d65d4370,0x00000000d6600000)
  to   space 2048K, 0% used [0x00000000d6600000,0x00000000d6600000,0x00000000d6800000)
 ParOldGen       total 139264K, used 138934K [0x0000000080000000, 0x0000000088800000, 0x00000000d5580000)
  object space 139264K, 99% used [0x0000000080000000,0x00000000887ada98,0x0000000088800000)
 Metaspace       used 72205K, committed 73792K, reserved 1179648K
  class space    used 7730K, committed 8384K, reserved 1048576K
}
Event: 20.211 GC heap after
{Heap after GC invocations=57 (full 3):
 PSYoungGen      total 12800K, used 704K [0x00000000d5580000, 0x00000000d6700000, 0x0000000100000000)
  eden space 11776K, 0% used [0x00000000d5580000,0x00000000d5580000,0x00000000d6100000)
  from space 1024K, 68% used [0x00000000d6600000,0x00000000d66b0020,0x00000000d6700000)
  to   space 1536K, 0% used [0x00000000d6400000,0x00000000d6400000,0x00000000d6580000)
 ParOldGen       total 139776K, used 139326K [0x0000000080000000, 0x0000000088880000, 0x00000000d5580000)
  object space 139776K, 99% used [0x0000000080000000,0x000000008880faa8,0x0000000088880000)
 Metaspace       used 72205K, committed 73792K, reserved 1179648K
  class space    used 7730K, committed 8384K, reserved 1048576K
}
Event: 20.570 GC heap before
{Heap before GC invocations=58 (full 3):
 PSYoungGen      total 12800K, used 12472K [0x00000000d5580000, 0x00000000d6700000, 0x0000000100000000)
  eden space 11776K, 99% used [0x00000000d5580000,0x00000000d60fe110,0x00000000d6100000)
  from space 1024K, 68% used [0x00000000d6600000,0x00000000d66b0020,0x00000000d6700000)
  to   space 1536K, 0% used [0x00000000d6400000,0x00000000d6400000,0x00000000d6580000)
 ParOldGen       total 139776K, used 139326K [0x0000000080000000, 0x0000000088880000, 0x00000000d5580000)
  object space 139776K, 99% used [0x0000000080000000,0x000000008880faa8,0x0000000088880000)
 Metaspace       used 72309K, committed 73856K, reserved 1179648K
  class space    used 7736K, committed 8384K, reserved 1048576K
}
Event: 20.573 GC heap after
{Heap after GC invocations=58 (full 3):
 PSYoungGen      total 13312K, used 1531K [0x00000000d5580000, 0x00000000d6d00000, 0x0000000100000000)
  eden space 11776K, 0% used [0x00000000d5580000,0x00000000d5580000,0x00000000d6100000)
  from space 1536K, 99% used [0x00000000d6400000,0x00000000d657ef10,0x00000000d6580000)
  to   space 6144K, 0% used [0x00000000d6700000,0x00000000d6700000,0x00000000d6d00000)
 ParOldGen       total 142848K, used 142784K [0x0000000080000000, 0x0000000088b80000, 0x00000000d5580000)
  object space 142848K, 99% used [0x0000000080000000,0x0000000088b703d8,0x0000000088b80000)
 Metaspace       used 72309K, committed 73856K, reserved 1179648K
  class space    used 7736K, committed 8384K, reserved 1048576K
}
Event: 20.877 GC heap before
{Heap before GC invocations=59 (full 3):
 PSYoungGen      total 13312K, used 13307K [0x00000000d5580000, 0x00000000d6d00000, 0x0000000100000000)
  eden space 11776K, 99% used [0x00000000d5580000,0x00000000d60fffa0,0x00000000d6100000)
  from space 1536K, 99% used [0x00000000d6400000,0x00000000d657ef10,0x00000000d6580000)
  to   space 6144K, 0% used [0x00000000d6700000,0x00000000d6700000,0x00000000d6d00000)
 ParOldGen       total 142848K, used 142784K [0x0000000080000000, 0x0000000088b80000, 0x00000000d5580000)
  object space 142848K, 99% used [0x0000000080000000,0x0000000088b703d8,0x0000000088b80000)
 Metaspace       used 72655K, committed 74304K, reserved 1179648K
  class space    used 7769K, committed 8448K, reserved 1048576K
}
Event: 20.878 GC heap after
{Heap after GC invocations=59 (full 3):
 PSYoungGen      total 12288K, used 320K [0x00000000d5580000, 0x00000000d6780000, 0x0000000100000000)
  eden space 11776K, 0% used [0x00000000d5580000,0x00000000d5580000,0x00000000d6100000)
  from space 512K, 62% used [0x00000000d6700000,0x00000000d6750000,0x00000000d6780000)
  to   space 2048K, 0% used [0x00000000d6380000,0x00000000d6380000,0x00000000d6580000)
 ParOldGen       total 144384K, used 144217K [0x0000000080000000, 0x0000000088d00000, 0x00000000d5580000)
  object space 144384K, 99% used [0x0000000080000000,0x0000000088cd6698,0x0000000088d00000)
 Metaspace       used 72655K, committed 74304K, reserved 1179648K
  class space    used 7769K, committed 8448K, reserved 1048576K
}
Event: 21.059 GC heap before
{Heap before GC invocations=60 (full 3):
 PSYoungGen      total 12288K, used 11688K [0x00000000d5580000, 0x00000000d6780000, 0x0000000100000000)
  eden space 11776K, 96% used [0x00000000d5580000,0x00000000d609a3d0,0x00000000d6100000)
  from space 512K, 62% used [0x00000000d6700000,0x00000000d6750000,0x00000000d6780000)
  to   space 2048K, 0% used [0x00000000d6380000,0x00000000d6380000,0x00000000d6580000)
 ParOldGen       total 144384K, used 144217K [0x0000000080000000, 0x0000000088d00000, 0x00000000d5580000)
  object space 144384K, 99% used [0x0000000080000000,0x0000000088cd6698,0x0000000088d00000)
 Metaspace       used 72976K, committed 74560K, reserved 1179648K
  class space    used 7794K, committed 8448K, reserved 1048576K
}
Event: 21.061 GC heap after
{Heap after GC invocations=60 (full 3):
 PSYoungGen      total 13824K, used 962K [0x00000000d5580000, 0x00000000d6780000, 0x0000000100000000)
  eden space 11776K, 0% used [0x00000000d5580000,0x00000000d5580000,0x00000000d6100000)
  from space 2048K, 46% used [0x00000000d6380000,0x00000000d6470988,0x00000000d6580000)
  to   space 1536K, 0% used [0x00000000d6600000,0x00000000d6600000,0x00000000d6780000)
 ParOldGen       total 144896K, used 144409K [0x0000000080000000, 0x0000000088d80000, 0x00000000d5580000)
  object space 144896K, 99% used [0x0000000080000000,0x0000000088d06698,0x0000000088d80000)
 Metaspace       used 72976K, committed 74560K, reserved 1179648K
  class space    used 7794K, committed 8448K, reserved 1048576K
}

